   0  $accept : %entry% $end

   1  program : func_def

   2  func_def : header local_def_list block

   3  local_def_list :
   4                 | local_def_list local_def

   5  header : T_fun T_id T_lparen fpar_def semi_fpar_def_list T_rparen T_colon ret_type
   6         | T_fun T_id T_lparen T_rparen T_colon ret_type

   7  semi_fpar_def_list :
   8                     | T_semicolon fpar_def semi_fpar_def_list

   9  fpar_def : T_ref T_id comma_id_list T_colon fpar_type
  10           | T_id comma_id_list T_colon fpar_type

  11  comma_id_list :
  12                | T_comma T_id comma_id_list

  13  data_type : T_int
  14            | T_char

  15  bracket_int_const_list :
  16                         | T_lbrack T_int_const T_rbrack bracket_int_const_list

  17  ret_type : data_type
  18           | T_nothing

  19  fpar_type : data_type T_lbrack T_rbrack bracket_int_const_list
  20            | data_type bracket_int_const_list

  21  grace_type : data_type bracket_int_const_list

  22  local_def : func_def
  23            | func_decl
  24            | var_def

  25  func_decl : header T_semicolon

  26  var_def : T_var T_id comma_id_list T_colon grace_type T_semicolon

  27  stmt : T_semicolon
  28       | l_value T_prod expr T_semicolon
  29       | block
  30       | func_call T_semicolon
  31       | T_if cond T_then stmt
  32       | T_if cond T_then stmt T_else stmt
  33       | T_while cond T_do stmt
  34       | T_return T_semicolon
  35       | T_return expr T_semicolon

  36  block : T_lbrace stmt_list T_rbrace

  37  stmt_list :
  38            | stmt stmt_list

  39  func_call : T_id T_lparen T_rparen
  40            | T_id T_lparen expr comma_expr_list T_rparen

  41  comma_expr_list :
  42                  | T_comma expr comma_expr_list

  43  l_value : T_id
  44          | T_string_literal
  45          | l_value T_lbrack expr T_rbrack

  46  expr : T_int_const
  47       | T_char_const
  48       | l_value
  49       | T_lparen expr T_rparen
  50       | func_call
  51       | T_plus expr
  52       | T_minus expr
  53       | expr T_plus expr
  54       | expr T_minus expr
  55       | expr T_times expr
  56       | expr T_div expr
  57       | expr T_mod expr

  58  cond : T_lparen cond T_rparen
  59       | T_not cond
  60       | cond T_and cond
  61       | cond T_or cond
  62       | expr T_eq expr
  63       | expr T_hash expr
  64       | expr T_less expr
  65       | expr T_more expr
  66       | expr T_leq expr
  67       | expr T_geq expr

  68  %entry% : '\001' program

state 0
	$accept : . %entry% $end  (0)

	'\001'  shift 1
	.  error

	%entry%  goto 2


state 1
	%entry% : '\001' . program  (68)

	T_fun  shift 3
	.  error

	program  goto 4
	func_def  goto 5
	header  goto 6


state 2
	$accept : %entry% . $end  (0)

	$end  accept


state 3
	header : T_fun . T_id T_lparen fpar_def semi_fpar_def_list T_rparen T_colon ret_type  (5)
	header : T_fun . T_id T_lparen T_rparen T_colon ret_type  (6)

	T_id  shift 7
	.  error


state 4
	%entry% : '\001' program .  (68)

	.  reduce 68


state 5
	program : func_def .  (1)

	.  reduce 1


state 6
	func_def : header . local_def_list block  (2)
	local_def_list : .  (3)

	.  reduce 3

	local_def_list  goto 8


state 7
	header : T_fun T_id . T_lparen fpar_def semi_fpar_def_list T_rparen T_colon ret_type  (5)
	header : T_fun T_id . T_lparen T_rparen T_colon ret_type  (6)

	T_lparen  shift 9
	.  error


state 8
	func_def : header local_def_list . block  (2)
	local_def_list : local_def_list . local_def  (4)

	T_fun  shift 3
	T_var  shift 10
	T_lbrace  shift 11
	.  error

	func_def  goto 12
	header  goto 13
	block  goto 14
	local_def  goto 15
	func_decl  goto 16
	var_def  goto 17


state 9
	header : T_fun T_id T_lparen . fpar_def semi_fpar_def_list T_rparen T_colon ret_type  (5)
	header : T_fun T_id T_lparen . T_rparen T_colon ret_type  (6)

	T_ref  shift 18
	T_id  shift 19
	T_rparen  shift 20
	.  error

	fpar_def  goto 21


state 10
	var_def : T_var . T_id comma_id_list T_colon grace_type T_semicolon  (26)

	T_id  shift 22
	.  error


state 11
	block : T_lbrace . stmt_list T_rbrace  (36)
	stmt_list : .  (37)

	T_if  shift 23
	T_return  shift 24
	T_while  shift 25
	T_id  shift 26
	T_string_literal  shift 27
	T_lbrace  shift 11
	T_semicolon  shift 28
	T_rbrace  reduce 37

	block  goto 29
	stmt  goto 30
	l_value  goto 31
	func_call  goto 32
	stmt_list  goto 33


state 12
	local_def : func_def .  (22)

	.  reduce 22


state 13
	func_def : header . local_def_list block  (2)
	func_decl : header . T_semicolon  (25)
	local_def_list : .  (3)

	T_semicolon  shift 34
	T_fun  reduce 3
	T_var  reduce 3
	T_lbrace  reduce 3

	local_def_list  goto 8


state 14
	func_def : header local_def_list block .  (2)

	.  reduce 2


state 15
	local_def_list : local_def_list local_def .  (4)

	.  reduce 4


state 16
	local_def : func_decl .  (23)

	.  reduce 23


state 17
	local_def : var_def .  (24)

	.  reduce 24


state 18
	fpar_def : T_ref . T_id comma_id_list T_colon fpar_type  (9)

	T_id  shift 35
	.  error


state 19
	fpar_def : T_id . comma_id_list T_colon fpar_type  (10)
	comma_id_list : .  (11)

	T_comma  shift 36
	T_colon  reduce 11

	comma_id_list  goto 37


state 20
	header : T_fun T_id T_lparen T_rparen . T_colon ret_type  (6)

	T_colon  shift 38
	.  error


state 21
	header : T_fun T_id T_lparen fpar_def . semi_fpar_def_list T_rparen T_colon ret_type  (5)
	semi_fpar_def_list : .  (7)

	T_semicolon  shift 39
	T_rparen  reduce 7

	semi_fpar_def_list  goto 40


state 22
	var_def : T_var T_id . comma_id_list T_colon grace_type T_semicolon  (26)
	comma_id_list : .  (11)

	T_comma  shift 36
	T_colon  reduce 11

	comma_id_list  goto 41


state 23
	stmt : T_if . cond T_then stmt  (31)
	stmt : T_if . cond T_then stmt T_else stmt  (32)

	T_not  shift 42
	T_id  shift 26
	T_int_const  shift 43
	T_char_const  shift 44
	T_string_literal  shift 27
	T_lparen  shift 45
	T_plus  shift 46
	T_minus  shift 47
	.  error

	l_value  goto 48
	expr  goto 49
	func_call  goto 50
	cond  goto 51


state 24
	stmt : T_return . T_semicolon  (34)
	stmt : T_return . expr T_semicolon  (35)

	T_id  shift 26
	T_int_const  shift 43
	T_char_const  shift 44
	T_string_literal  shift 27
	T_lparen  shift 52
	T_plus  shift 46
	T_minus  shift 47
	T_semicolon  shift 53
	.  error

	l_value  goto 48
	expr  goto 54
	func_call  goto 50


state 25
	stmt : T_while . cond T_do stmt  (33)

	T_not  shift 42
	T_id  shift 26
	T_int_const  shift 43
	T_char_const  shift 44
	T_string_literal  shift 27
	T_lparen  shift 45
	T_plus  shift 46
	T_minus  shift 47
	.  error

	l_value  goto 48
	expr  goto 49
	func_call  goto 50
	cond  goto 55


state 26
	func_call : T_id . T_lparen T_rparen  (39)
	func_call : T_id . T_lparen expr comma_expr_list T_rparen  (40)
	l_value : T_id .  (43)

	T_lparen  shift 56
	T_and  reduce 43
	T_div  reduce 43
	T_do  reduce 43
	T_mod  reduce 43
	T_or  reduce 43
	T_then  reduce 43
	T_eq  reduce 43
	T_rparen  reduce 43
	T_plus  reduce 43
	T_minus  reduce 43
	T_times  reduce 43
	T_less  reduce 43
	T_more  reduce 43
	T_lbrack  reduce 43
	T_rbrack  reduce 43
	T_hash  reduce 43
	T_comma  reduce 43
	T_semicolon  reduce 43
	T_leq  reduce 43
	T_geq  reduce 43
	T_prod  reduce 43


state 27
	l_value : T_string_literal .  (44)

	.  reduce 44


state 28
	stmt : T_semicolon .  (27)

	.  reduce 27


state 29
	stmt : block .  (29)

	.  reduce 29


state 30
	stmt_list : stmt . stmt_list  (38)
	stmt_list : .  (37)

	T_if  shift 23
	T_return  shift 24
	T_while  shift 25
	T_id  shift 26
	T_string_literal  shift 27
	T_lbrace  shift 11
	T_semicolon  shift 28
	T_rbrace  reduce 37

	block  goto 29
	stmt  goto 30
	l_value  goto 31
	func_call  goto 32
	stmt_list  goto 57


state 31
	stmt : l_value . T_prod expr T_semicolon  (28)
	l_value : l_value . T_lbrack expr T_rbrack  (45)

	T_lbrack  shift 58
	T_prod  shift 59
	.  error


state 32
	stmt : func_call . T_semicolon  (30)

	T_semicolon  shift 60
	.  error


state 33
	block : T_lbrace stmt_list . T_rbrace  (36)

	T_rbrace  shift 61
	.  error


state 34
	func_decl : header T_semicolon .  (25)

	.  reduce 25


state 35
	fpar_def : T_ref T_id . comma_id_list T_colon fpar_type  (9)
	comma_id_list : .  (11)

	T_comma  shift 36
	T_colon  reduce 11

	comma_id_list  goto 62


state 36
	comma_id_list : T_comma . T_id comma_id_list  (12)

	T_id  shift 63
	.  error


state 37
	fpar_def : T_id comma_id_list . T_colon fpar_type  (10)

	T_colon  shift 64
	.  error


state 38
	header : T_fun T_id T_lparen T_rparen T_colon . ret_type  (6)

	T_char  shift 65
	T_int  shift 66
	T_nothing  shift 67
	.  error

	ret_type  goto 68
	data_type  goto 69


state 39
	semi_fpar_def_list : T_semicolon . fpar_def semi_fpar_def_list  (8)

	T_ref  shift 18
	T_id  shift 19
	.  error

	fpar_def  goto 70


state 40
	header : T_fun T_id T_lparen fpar_def semi_fpar_def_list . T_rparen T_colon ret_type  (5)

	T_rparen  shift 71
	.  error


state 41
	var_def : T_var T_id comma_id_list . T_colon grace_type T_semicolon  (26)

	T_colon  shift 72
	.  error


state 42
	cond : T_not . cond  (59)

	T_not  shift 42
	T_id  shift 26
	T_int_const  shift 43
	T_char_const  shift 44
	T_string_literal  shift 27
	T_lparen  shift 45
	T_plus  shift 46
	T_minus  shift 47
	.  error

	l_value  goto 48
	expr  goto 49
	func_call  goto 50
	cond  goto 73


state 43
	expr : T_int_const .  (46)

	.  reduce 46


state 44
	expr : T_char_const .  (47)

	.  reduce 47


state 45
	expr : T_lparen . expr T_rparen  (49)
	cond : T_lparen . cond T_rparen  (58)

	T_not  shift 42
	T_id  shift 26
	T_int_const  shift 43
	T_char_const  shift 44
	T_string_literal  shift 27
	T_lparen  shift 45
	T_plus  shift 46
	T_minus  shift 47
	.  error

	l_value  goto 48
	expr  goto 74
	func_call  goto 50
	cond  goto 75


state 46
	expr : T_plus . expr  (51)

	T_id  shift 26
	T_int_const  shift 43
	T_char_const  shift 44
	T_string_literal  shift 27
	T_lparen  shift 52
	T_plus  shift 46
	T_minus  shift 47
	.  error

	l_value  goto 48
	expr  goto 76
	func_call  goto 50


state 47
	expr : T_minus . expr  (52)

	T_id  shift 26
	T_int_const  shift 43
	T_char_const  shift 44
	T_string_literal  shift 27
	T_lparen  shift 52
	T_plus  shift 46
	T_minus  shift 47
	.  error

	l_value  goto 48
	expr  goto 77
	func_call  goto 50


state 48
	l_value : l_value . T_lbrack expr T_rbrack  (45)
	expr : l_value .  (48)

	T_lbrack  shift 58
	T_and  reduce 48
	T_div  reduce 48
	T_do  reduce 48
	T_mod  reduce 48
	T_or  reduce 48
	T_then  reduce 48
	T_eq  reduce 48
	T_rparen  reduce 48
	T_plus  reduce 48
	T_minus  reduce 48
	T_times  reduce 48
	T_less  reduce 48
	T_more  reduce 48
	T_rbrack  reduce 48
	T_hash  reduce 48
	T_comma  reduce 48
	T_semicolon  reduce 48
	T_leq  reduce 48
	T_geq  reduce 48


state 49
	expr : expr . T_plus expr  (53)
	expr : expr . T_minus expr  (54)
	expr : expr . T_times expr  (55)
	expr : expr . T_div expr  (56)
	expr : expr . T_mod expr  (57)
	cond : expr . T_eq expr  (62)
	cond : expr . T_hash expr  (63)
	cond : expr . T_less expr  (64)
	cond : expr . T_more expr  (65)
	cond : expr . T_leq expr  (66)
	cond : expr . T_geq expr  (67)

	T_div  shift 78
	T_mod  shift 79
	T_eq  shift 80
	T_plus  shift 81
	T_minus  shift 82
	T_times  shift 83
	T_less  shift 84
	T_more  shift 85
	T_hash  shift 86
	T_leq  shift 87
	T_geq  shift 88
	.  error


state 50
	expr : func_call .  (50)

	.  reduce 50


state 51
	stmt : T_if cond . T_then stmt  (31)
	stmt : T_if cond . T_then stmt T_else stmt  (32)
	cond : cond . T_and cond  (60)
	cond : cond . T_or cond  (61)

	T_and  shift 89
	T_or  shift 90
	T_then  shift 91
	.  error


state 52
	expr : T_lparen . expr T_rparen  (49)

	T_id  shift 26
	T_int_const  shift 43
	T_char_const  shift 44
	T_string_literal  shift 27
	T_lparen  shift 52
	T_plus  shift 46
	T_minus  shift 47
	.  error

	l_value  goto 48
	expr  goto 92
	func_call  goto 50


state 53
	stmt : T_return T_semicolon .  (34)

	.  reduce 34


state 54
	stmt : T_return expr . T_semicolon  (35)
	expr : expr . T_plus expr  (53)
	expr : expr . T_minus expr  (54)
	expr : expr . T_times expr  (55)
	expr : expr . T_div expr  (56)
	expr : expr . T_mod expr  (57)

	T_div  shift 78
	T_mod  shift 79
	T_plus  shift 81
	T_minus  shift 82
	T_times  shift 83
	T_semicolon  shift 93
	.  error


state 55
	stmt : T_while cond . T_do stmt  (33)
	cond : cond . T_and cond  (60)
	cond : cond . T_or cond  (61)

	T_and  shift 89
	T_do  shift 94
	T_or  shift 90
	.  error


state 56
	func_call : T_id T_lparen . T_rparen  (39)
	func_call : T_id T_lparen . expr comma_expr_list T_rparen  (40)

	T_id  shift 26
	T_int_const  shift 43
	T_char_const  shift 44
	T_string_literal  shift 27
	T_lparen  shift 52
	T_rparen  shift 95
	T_plus  shift 46
	T_minus  shift 47
	.  error

	l_value  goto 48
	expr  goto 96
	func_call  goto 50


state 57
	stmt_list : stmt stmt_list .  (38)

	.  reduce 38


state 58
	l_value : l_value T_lbrack . expr T_rbrack  (45)

	T_id  shift 26
	T_int_const  shift 43
	T_char_const  shift 44
	T_string_literal  shift 27
	T_lparen  shift 52
	T_plus  shift 46
	T_minus  shift 47
	.  error

	l_value  goto 48
	expr  goto 97
	func_call  goto 50


state 59
	stmt : l_value T_prod . expr T_semicolon  (28)

	T_id  shift 26
	T_int_const  shift 43
	T_char_const  shift 44
	T_string_literal  shift 27
	T_lparen  shift 52
	T_plus  shift 46
	T_minus  shift 47
	.  error

	l_value  goto 48
	expr  goto 98
	func_call  goto 50


state 60
	stmt : func_call T_semicolon .  (30)

	.  reduce 30


state 61
	block : T_lbrace stmt_list T_rbrace .  (36)

	.  reduce 36


state 62
	fpar_def : T_ref T_id comma_id_list . T_colon fpar_type  (9)

	T_colon  shift 99
	.  error


state 63
	comma_id_list : T_comma T_id . comma_id_list  (12)
	comma_id_list : .  (11)

	T_comma  shift 36
	T_colon  reduce 11

	comma_id_list  goto 100


state 64
	fpar_def : T_id comma_id_list T_colon . fpar_type  (10)

	T_char  shift 65
	T_int  shift 66
	.  error

	fpar_type  goto 101
	data_type  goto 102


state 65
	data_type : T_char .  (14)

	.  reduce 14


state 66
	data_type : T_int .  (13)

	.  reduce 13


state 67
	ret_type : T_nothing .  (18)

	.  reduce 18


state 68
	header : T_fun T_id T_lparen T_rparen T_colon ret_type .  (6)

	.  reduce 6


state 69
	ret_type : data_type .  (17)

	.  reduce 17


state 70
	semi_fpar_def_list : T_semicolon fpar_def . semi_fpar_def_list  (8)
	semi_fpar_def_list : .  (7)

	T_semicolon  shift 39
	T_rparen  reduce 7

	semi_fpar_def_list  goto 103


state 71
	header : T_fun T_id T_lparen fpar_def semi_fpar_def_list T_rparen . T_colon ret_type  (5)

	T_colon  shift 104
	.  error


state 72
	var_def : T_var T_id comma_id_list T_colon . grace_type T_semicolon  (26)

	T_char  shift 65
	T_int  shift 66
	.  error

	data_type  goto 105
	grace_type  goto 106


state 73
	cond : T_not cond .  (59)
	cond : cond . T_and cond  (60)
	cond : cond . T_or cond  (61)

	.  reduce 59


state 74
	expr : T_lparen expr . T_rparen  (49)
	expr : expr . T_plus expr  (53)
	expr : expr . T_minus expr  (54)
	expr : expr . T_times expr  (55)
	expr : expr . T_div expr  (56)
	expr : expr . T_mod expr  (57)
	cond : expr . T_eq expr  (62)
	cond : expr . T_hash expr  (63)
	cond : expr . T_less expr  (64)
	cond : expr . T_more expr  (65)
	cond : expr . T_leq expr  (66)
	cond : expr . T_geq expr  (67)

	T_div  shift 78
	T_mod  shift 79
	T_eq  shift 80
	T_rparen  shift 107
	T_plus  shift 81
	T_minus  shift 82
	T_times  shift 83
	T_less  shift 84
	T_more  shift 85
	T_hash  shift 86
	T_leq  shift 87
	T_geq  shift 88
	.  error


state 75
	cond : T_lparen cond . T_rparen  (58)
	cond : cond . T_and cond  (60)
	cond : cond . T_or cond  (61)

	T_and  shift 89
	T_or  shift 90
	T_rparen  shift 108
	.  error


state 76
	expr : T_plus expr .  (51)
	expr : expr . T_plus expr  (53)
	expr : expr . T_minus expr  (54)
	expr : expr . T_times expr  (55)
	expr : expr . T_div expr  (56)
	expr : expr . T_mod expr  (57)

	.  reduce 51


state 77
	expr : T_minus expr .  (52)
	expr : expr . T_plus expr  (53)
	expr : expr . T_minus expr  (54)
	expr : expr . T_times expr  (55)
	expr : expr . T_div expr  (56)
	expr : expr . T_mod expr  (57)

	.  reduce 52


state 78
	expr : expr T_div . expr  (56)

	T_id  shift 26
	T_int_const  shift 43
	T_char_const  shift 44
	T_string_literal  shift 27
	T_lparen  shift 52
	T_plus  shift 46
	T_minus  shift 47
	.  error

	l_value  goto 48
	expr  goto 109
	func_call  goto 50


state 79
	expr : expr T_mod . expr  (57)

	T_id  shift 26
	T_int_const  shift 43
	T_char_const  shift 44
	T_string_literal  shift 27
	T_lparen  shift 52
	T_plus  shift 46
	T_minus  shift 47
	.  error

	l_value  goto 48
	expr  goto 110
	func_call  goto 50


state 80
	cond : expr T_eq . expr  (62)

	T_id  shift 26
	T_int_const  shift 43
	T_char_const  shift 44
	T_string_literal  shift 27
	T_lparen  shift 52
	T_plus  shift 46
	T_minus  shift 47
	.  error

	l_value  goto 48
	expr  goto 111
	func_call  goto 50


state 81
	expr : expr T_plus . expr  (53)

	T_id  shift 26
	T_int_const  shift 43
	T_char_const  shift 44
	T_string_literal  shift 27
	T_lparen  shift 52
	T_plus  shift 46
	T_minus  shift 47
	.  error

	l_value  goto 48
	expr  goto 112
	func_call  goto 50


state 82
	expr : expr T_minus . expr  (54)

	T_id  shift 26
	T_int_const  shift 43
	T_char_const  shift 44
	T_string_literal  shift 27
	T_lparen  shift 52
	T_plus  shift 46
	T_minus  shift 47
	.  error

	l_value  goto 48
	expr  goto 113
	func_call  goto 50


state 83
	expr : expr T_times . expr  (55)

	T_id  shift 26
	T_int_const  shift 43
	T_char_const  shift 44
	T_string_literal  shift 27
	T_lparen  shift 52
	T_plus  shift 46
	T_minus  shift 47
	.  error

	l_value  goto 48
	expr  goto 114
	func_call  goto 50


state 84
	cond : expr T_less . expr  (64)

	T_id  shift 26
	T_int_const  shift 43
	T_char_const  shift 44
	T_string_literal  shift 27
	T_lparen  shift 52
	T_plus  shift 46
	T_minus  shift 47
	.  error

	l_value  goto 48
	expr  goto 115
	func_call  goto 50


state 85
	cond : expr T_more . expr  (65)

	T_id  shift 26
	T_int_const  shift 43
	T_char_const  shift 44
	T_string_literal  shift 27
	T_lparen  shift 52
	T_plus  shift 46
	T_minus  shift 47
	.  error

	l_value  goto 48
	expr  goto 116
	func_call  goto 50


state 86
	cond : expr T_hash . expr  (63)

	T_id  shift 26
	T_int_const  shift 43
	T_char_const  shift 44
	T_string_literal  shift 27
	T_lparen  shift 52
	T_plus  shift 46
	T_minus  shift 47
	.  error

	l_value  goto 48
	expr  goto 117
	func_call  goto 50


state 87
	cond : expr T_leq . expr  (66)

	T_id  shift 26
	T_int_const  shift 43
	T_char_const  shift 44
	T_string_literal  shift 27
	T_lparen  shift 52
	T_plus  shift 46
	T_minus  shift 47
	.  error

	l_value  goto 48
	expr  goto 118
	func_call  goto 50


state 88
	cond : expr T_geq . expr  (67)

	T_id  shift 26
	T_int_const  shift 43
	T_char_const  shift 44
	T_string_literal  shift 27
	T_lparen  shift 52
	T_plus  shift 46
	T_minus  shift 47
	.  error

	l_value  goto 48
	expr  goto 119
	func_call  goto 50


state 89
	cond : cond T_and . cond  (60)

	T_not  shift 42
	T_id  shift 26
	T_int_const  shift 43
	T_char_const  shift 44
	T_string_literal  shift 27
	T_lparen  shift 45
	T_plus  shift 46
	T_minus  shift 47
	.  error

	l_value  goto 48
	expr  goto 49
	func_call  goto 50
	cond  goto 120


state 90
	cond : cond T_or . cond  (61)

	T_not  shift 42
	T_id  shift 26
	T_int_const  shift 43
	T_char_const  shift 44
	T_string_literal  shift 27
	T_lparen  shift 45
	T_plus  shift 46
	T_minus  shift 47
	.  error

	l_value  goto 48
	expr  goto 49
	func_call  goto 50
	cond  goto 121


state 91
	stmt : T_if cond T_then . stmt  (31)
	stmt : T_if cond T_then . stmt T_else stmt  (32)

	T_if  shift 23
	T_return  shift 24
	T_while  shift 25
	T_id  shift 26
	T_string_literal  shift 27
	T_lbrace  shift 11
	T_semicolon  shift 28
	.  error

	block  goto 29
	stmt  goto 122
	l_value  goto 31
	func_call  goto 32


state 92
	expr : T_lparen expr . T_rparen  (49)
	expr : expr . T_plus expr  (53)
	expr : expr . T_minus expr  (54)
	expr : expr . T_times expr  (55)
	expr : expr . T_div expr  (56)
	expr : expr . T_mod expr  (57)

	T_div  shift 78
	T_mod  shift 79
	T_rparen  shift 107
	T_plus  shift 81
	T_minus  shift 82
	T_times  shift 83
	.  error


state 93
	stmt : T_return expr T_semicolon .  (35)

	.  reduce 35


state 94
	stmt : T_while cond T_do . stmt  (33)

	T_if  shift 23
	T_return  shift 24
	T_while  shift 25
	T_id  shift 26
	T_string_literal  shift 27
	T_lbrace  shift 11
	T_semicolon  shift 28
	.  error

	block  goto 29
	stmt  goto 123
	l_value  goto 31
	func_call  goto 32


state 95
	func_call : T_id T_lparen T_rparen .  (39)

	.  reduce 39


state 96
	func_call : T_id T_lparen expr . comma_expr_list T_rparen  (40)
	expr : expr . T_plus expr  (53)
	expr : expr . T_minus expr  (54)
	expr : expr . T_times expr  (55)
	expr : expr . T_div expr  (56)
	expr : expr . T_mod expr  (57)
	comma_expr_list : .  (41)

	T_div  shift 78
	T_mod  shift 79
	T_plus  shift 81
	T_minus  shift 82
	T_times  shift 83
	T_comma  shift 124
	T_rparen  reduce 41

	comma_expr_list  goto 125


state 97
	l_value : l_value T_lbrack expr . T_rbrack  (45)
	expr : expr . T_plus expr  (53)
	expr : expr . T_minus expr  (54)
	expr : expr . T_times expr  (55)
	expr : expr . T_div expr  (56)
	expr : expr . T_mod expr  (57)

	T_div  shift 78
	T_mod  shift 79
	T_plus  shift 81
	T_minus  shift 82
	T_times  shift 83
	T_rbrack  shift 126
	.  error


state 98
	stmt : l_value T_prod expr . T_semicolon  (28)
	expr : expr . T_plus expr  (53)
	expr : expr . T_minus expr  (54)
	expr : expr . T_times expr  (55)
	expr : expr . T_div expr  (56)
	expr : expr . T_mod expr  (57)

	T_div  shift 78
	T_mod  shift 79
	T_plus  shift 81
	T_minus  shift 82
	T_times  shift 83
	T_semicolon  shift 127
	.  error


state 99
	fpar_def : T_ref T_id comma_id_list T_colon . fpar_type  (9)

	T_char  shift 65
	T_int  shift 66
	.  error

	fpar_type  goto 128
	data_type  goto 102


state 100
	comma_id_list : T_comma T_id comma_id_list .  (12)

	.  reduce 12


state 101
	fpar_def : T_id comma_id_list T_colon fpar_type .  (10)

	.  reduce 10


state 102
	fpar_type : data_type . T_lbrack T_rbrack bracket_int_const_list  (19)
	fpar_type : data_type . bracket_int_const_list  (20)
	bracket_int_const_list : .  (15)

	T_lbrack  shift 129
	T_rparen  reduce 15
	T_semicolon  reduce 15

	bracket_int_const_list  goto 130


state 103
	semi_fpar_def_list : T_semicolon fpar_def semi_fpar_def_list .  (8)

	.  reduce 8


state 104
	header : T_fun T_id T_lparen fpar_def semi_fpar_def_list T_rparen T_colon . ret_type  (5)

	T_char  shift 65
	T_int  shift 66
	T_nothing  shift 67
	.  error

	ret_type  goto 131
	data_type  goto 69


state 105
	grace_type : data_type . bracket_int_const_list  (21)
	bracket_int_const_list : .  (15)

	T_lbrack  shift 132
	T_semicolon  reduce 15

	bracket_int_const_list  goto 133


state 106
	var_def : T_var T_id comma_id_list T_colon grace_type . T_semicolon  (26)

	T_semicolon  shift 134
	.  error


state 107
	expr : T_lparen expr T_rparen .  (49)

	.  reduce 49


state 108
	cond : T_lparen cond T_rparen .  (58)

	.  reduce 58


state 109
	expr : expr . T_plus expr  (53)
	expr : expr . T_minus expr  (54)
	expr : expr . T_times expr  (55)
	expr : expr . T_div expr  (56)
	expr : expr T_div expr .  (56)
	expr : expr . T_mod expr  (57)

	T_plus  shift 81
	T_minus  shift 82
	T_and  reduce 56
	T_div  reduce 56
	T_do  reduce 56
	T_mod  reduce 56
	T_or  reduce 56
	T_then  reduce 56
	T_eq  reduce 56
	T_rparen  reduce 56
	T_times  reduce 56
	T_less  reduce 56
	T_more  reduce 56
	T_rbrack  reduce 56
	T_hash  reduce 56
	T_comma  reduce 56
	T_semicolon  reduce 56
	T_leq  reduce 56
	T_geq  reduce 56


state 110
	expr : expr . T_plus expr  (53)
	expr : expr . T_minus expr  (54)
	expr : expr . T_times expr  (55)
	expr : expr . T_div expr  (56)
	expr : expr . T_mod expr  (57)
	expr : expr T_mod expr .  (57)

	T_plus  shift 81
	T_minus  shift 82
	T_and  reduce 57
	T_div  reduce 57
	T_do  reduce 57
	T_mod  reduce 57
	T_or  reduce 57
	T_then  reduce 57
	T_eq  reduce 57
	T_rparen  reduce 57
	T_times  reduce 57
	T_less  reduce 57
	T_more  reduce 57
	T_rbrack  reduce 57
	T_hash  reduce 57
	T_comma  reduce 57
	T_semicolon  reduce 57
	T_leq  reduce 57
	T_geq  reduce 57


state 111
	expr : expr . T_plus expr  (53)
	expr : expr . T_minus expr  (54)
	expr : expr . T_times expr  (55)
	expr : expr . T_div expr  (56)
	expr : expr . T_mod expr  (57)
	cond : expr T_eq expr .  (62)

	T_div  shift 78
	T_mod  shift 79
	T_plus  shift 81
	T_minus  shift 82
	T_times  shift 83
	T_and  reduce 62
	T_do  reduce 62
	T_or  reduce 62
	T_then  reduce 62
	T_rparen  reduce 62


state 112
	expr : expr . T_plus expr  (53)
	expr : expr T_plus expr .  (53)
	expr : expr . T_minus expr  (54)
	expr : expr . T_times expr  (55)
	expr : expr . T_div expr  (56)
	expr : expr . T_mod expr  (57)

	.  reduce 53


state 113
	expr : expr . T_plus expr  (53)
	expr : expr . T_minus expr  (54)
	expr : expr T_minus expr .  (54)
	expr : expr . T_times expr  (55)
	expr : expr . T_div expr  (56)
	expr : expr . T_mod expr  (57)

	.  reduce 54


state 114
	expr : expr . T_plus expr  (53)
	expr : expr . T_minus expr  (54)
	expr : expr . T_times expr  (55)
	expr : expr T_times expr .  (55)
	expr : expr . T_div expr  (56)
	expr : expr . T_mod expr  (57)

	T_plus  shift 81
	T_minus  shift 82
	T_and  reduce 55
	T_div  reduce 55
	T_do  reduce 55
	T_mod  reduce 55
	T_or  reduce 55
	T_then  reduce 55
	T_eq  reduce 55
	T_rparen  reduce 55
	T_times  reduce 55
	T_less  reduce 55
	T_more  reduce 55
	T_rbrack  reduce 55
	T_hash  reduce 55
	T_comma  reduce 55
	T_semicolon  reduce 55
	T_leq  reduce 55
	T_geq  reduce 55


state 115
	expr : expr . T_plus expr  (53)
	expr : expr . T_minus expr  (54)
	expr : expr . T_times expr  (55)
	expr : expr . T_div expr  (56)
	expr : expr . T_mod expr  (57)
	cond : expr T_less expr .  (64)

	T_div  shift 78
	T_mod  shift 79
	T_plus  shift 81
	T_minus  shift 82
	T_times  shift 83
	T_and  reduce 64
	T_do  reduce 64
	T_or  reduce 64
	T_then  reduce 64
	T_rparen  reduce 64


state 116
	expr : expr . T_plus expr  (53)
	expr : expr . T_minus expr  (54)
	expr : expr . T_times expr  (55)
	expr : expr . T_div expr  (56)
	expr : expr . T_mod expr  (57)
	cond : expr T_more expr .  (65)

	T_div  shift 78
	T_mod  shift 79
	T_plus  shift 81
	T_minus  shift 82
	T_times  shift 83
	T_and  reduce 65
	T_do  reduce 65
	T_or  reduce 65
	T_then  reduce 65
	T_rparen  reduce 65


state 117
	expr : expr . T_plus expr  (53)
	expr : expr . T_minus expr  (54)
	expr : expr . T_times expr  (55)
	expr : expr . T_div expr  (56)
	expr : expr . T_mod expr  (57)
	cond : expr T_hash expr .  (63)

	T_div  shift 78
	T_mod  shift 79
	T_plus  shift 81
	T_minus  shift 82
	T_times  shift 83
	T_and  reduce 63
	T_do  reduce 63
	T_or  reduce 63
	T_then  reduce 63
	T_rparen  reduce 63


state 118
	expr : expr . T_plus expr  (53)
	expr : expr . T_minus expr  (54)
	expr : expr . T_times expr  (55)
	expr : expr . T_div expr  (56)
	expr : expr . T_mod expr  (57)
	cond : expr T_leq expr .  (66)

	T_div  shift 78
	T_mod  shift 79
	T_plus  shift 81
	T_minus  shift 82
	T_times  shift 83
	T_and  reduce 66
	T_do  reduce 66
	T_or  reduce 66
	T_then  reduce 66
	T_rparen  reduce 66


state 119
	expr : expr . T_plus expr  (53)
	expr : expr . T_minus expr  (54)
	expr : expr . T_times expr  (55)
	expr : expr . T_div expr  (56)
	expr : expr . T_mod expr  (57)
	cond : expr T_geq expr .  (67)

	T_div  shift 78
	T_mod  shift 79
	T_plus  shift 81
	T_minus  shift 82
	T_times  shift 83
	T_and  reduce 67
	T_do  reduce 67
	T_or  reduce 67
	T_then  reduce 67
	T_rparen  reduce 67


state 120
	cond : cond . T_and cond  (60)
	cond : cond T_and cond .  (60)
	cond : cond . T_or cond  (61)

	.  reduce 60


state 121
	cond : cond . T_and cond  (60)
	cond : cond . T_or cond  (61)
	cond : cond T_or cond .  (61)

	T_and  shift 89
	T_do  reduce 61
	T_or  reduce 61
	T_then  reduce 61
	T_rparen  reduce 61


122: shift/reduce conflict (shift 135, reduce 31) on T_else
state 122
	stmt : T_if cond T_then stmt .  (31)
	stmt : T_if cond T_then stmt . T_else stmt  (32)

	T_else  shift 135
	T_if  reduce 31
	T_return  reduce 31
	T_while  reduce 31
	T_id  reduce 31
	T_string_literal  reduce 31
	T_lbrace  reduce 31
	T_rbrace  reduce 31
	T_semicolon  reduce 31


state 123
	stmt : T_while cond T_do stmt .  (33)

	.  reduce 33


state 124
	comma_expr_list : T_comma . expr comma_expr_list  (42)

	T_id  shift 26
	T_int_const  shift 43
	T_char_const  shift 44
	T_string_literal  shift 27
	T_lparen  shift 52
	T_plus  shift 46
	T_minus  shift 47
	.  error

	l_value  goto 48
	expr  goto 136
	func_call  goto 50


state 125
	func_call : T_id T_lparen expr comma_expr_list . T_rparen  (40)

	T_rparen  shift 137
	.  error


state 126
	l_value : l_value T_lbrack expr T_rbrack .  (45)

	.  reduce 45


state 127
	stmt : l_value T_prod expr T_semicolon .  (28)

	.  reduce 28


state 128
	fpar_def : T_ref T_id comma_id_list T_colon fpar_type .  (9)

	.  reduce 9


state 129
	bracket_int_const_list : T_lbrack . T_int_const T_rbrack bracket_int_const_list  (16)
	fpar_type : data_type T_lbrack . T_rbrack bracket_int_const_list  (19)

	T_int_const  shift 138
	T_rbrack  shift 139
	.  error


state 130
	fpar_type : data_type bracket_int_const_list .  (20)

	.  reduce 20


state 131
	header : T_fun T_id T_lparen fpar_def semi_fpar_def_list T_rparen T_colon ret_type .  (5)

	.  reduce 5


state 132
	bracket_int_const_list : T_lbrack . T_int_const T_rbrack bracket_int_const_list  (16)

	T_int_const  shift 138
	.  error


state 133
	grace_type : data_type bracket_int_const_list .  (21)

	.  reduce 21


state 134
	var_def : T_var T_id comma_id_list T_colon grace_type T_semicolon .  (26)

	.  reduce 26


state 135
	stmt : T_if cond T_then stmt T_else . stmt  (32)

	T_if  shift 23
	T_return  shift 24
	T_while  shift 25
	T_id  shift 26
	T_string_literal  shift 27
	T_lbrace  shift 11
	T_semicolon  shift 28
	.  error

	block  goto 29
	stmt  goto 140
	l_value  goto 31
	func_call  goto 32


state 136
	comma_expr_list : T_comma expr . comma_expr_list  (42)
	expr : expr . T_plus expr  (53)
	expr : expr . T_minus expr  (54)
	expr : expr . T_times expr  (55)
	expr : expr . T_div expr  (56)
	expr : expr . T_mod expr  (57)
	comma_expr_list : .  (41)

	T_div  shift 78
	T_mod  shift 79
	T_plus  shift 81
	T_minus  shift 82
	T_times  shift 83
	T_comma  shift 124
	T_rparen  reduce 41

	comma_expr_list  goto 141


state 137
	func_call : T_id T_lparen expr comma_expr_list T_rparen .  (40)

	.  reduce 40


state 138
	bracket_int_const_list : T_lbrack T_int_const . T_rbrack bracket_int_const_list  (16)

	T_rbrack  shift 142
	.  error


state 139
	fpar_type : data_type T_lbrack T_rbrack . bracket_int_const_list  (19)
	bracket_int_const_list : .  (15)

	T_lbrack  shift 132
	T_rparen  reduce 15
	T_semicolon  reduce 15

	bracket_int_const_list  goto 143


state 140
	stmt : T_if cond T_then stmt T_else stmt .  (32)

	.  reduce 32


state 141
	comma_expr_list : T_comma expr comma_expr_list .  (42)

	.  reduce 42


state 142
	bracket_int_const_list : T_lbrack T_int_const T_rbrack . bracket_int_const_list  (16)
	bracket_int_const_list : .  (15)

	T_lbrack  shift 132
	T_rparen  reduce 15
	T_semicolon  reduce 15

	bracket_int_const_list  goto 144


state 143
	fpar_type : data_type T_lbrack T_rbrack bracket_int_const_list .  (19)

	.  reduce 19


state 144
	bracket_int_const_list : T_lbrack T_int_const T_rbrack bracket_int_const_list .  (16)

	.  reduce 16


State 122 contains 1 shift/reduce conflict.


44 terminals, 25 nonterminals
69 grammar rules, 145 states
